2021-12-15 22:37:26,393 INFO 0 0
2021-12-15 22:37:26,395 INFO 0 0
2021-12-15 22:37:26,398 INFO 0 0
2021-12-15 22:37:26,845 INFO 0 0
2021-12-15 22:37:26,846 INFO 0 0
2021-12-15 22:37:26,846 INFO 0 0
2021-12-15 22:37:27,232 INFO 0 0
2021-12-15 22:37:27,233 INFO 0 0
2021-12-15 22:37:27,235 INFO 0 0
2021-12-15 22:37:27,534 INFO 0 0
2021-12-15 22:37:27,537 INFO 0 0
2021-12-15 22:37:27,537 INFO 0 0
2021-12-15 22:37:27,770 INFO 0 0
2021-12-15 22:37:27,771 INFO 0 0
2021-12-15 22:37:27,772 INFO 0 0
2021-12-15 22:37:27,992 INFO 0 0
2021-12-15 22:37:27,994 INFO 0 0
2021-12-15 22:37:27,995 INFO 0 0
2021-12-15 22:37:28,294 INFO 0 0
2021-12-15 22:37:28,296 INFO 0 0
2021-12-15 22:37:28,297 INFO 1 0
2021-12-15 22:37:28,498 INFO 1 0
2021-12-15 22:37:28,502 INFO 1 0
2021-12-15 22:37:28,503 INFO 2 0
2021-12-15 22:37:28,699 INFO 2 0
2021-12-15 22:37:28,699 INFO 2 0
2021-12-15 22:37:28,700 INFO 3 0
2021-12-15 22:37:28,954 INFO 3 0
2021-12-15 22:37:28,956 INFO 3 0
2021-12-15 22:37:28,958 INFO 4 0
2021-12-15 22:37:29,172 INFO 4 0
2021-12-15 22:37:29,173 INFO 4 0
2021-12-15 22:37:29,173 INFO 5 0
2021-12-15 22:37:29,381 INFO 5 0
2021-12-15 22:37:29,382 INFO 5 0
2021-12-15 22:37:29,383 INFO 6 0
2021-12-15 22:37:29,571 INFO 6 0
2021-12-15 22:37:29,573 INFO 6 0
2021-12-15 22:37:29,574 INFO 7 0
2021-12-15 22:37:29,754 INFO 7 0
2021-12-15 22:37:29,755 INFO 7 0
2021-12-15 22:37:29,755 INFO 8 0
2021-12-15 22:37:29,914 INFO 8 0
2021-12-15 22:37:29,915 INFO 8 0
2021-12-15 22:37:29,915 INFO 9 0
2021-12-15 22:37:30,061 INFO 9 0
2021-12-15 22:37:30,062 INFO 9 0
2021-12-15 22:37:30,062 INFO 9 0
2021-12-15 22:37:30,204 INFO 9 0
2021-12-15 22:37:30,205 INFO 9 0
2021-12-15 22:37:30,205 INFO 9 0
2021-12-15 22:37:30,360 INFO 9 0
2021-12-15 22:37:30,361 INFO 9 0
2021-12-15 22:37:30,362 INFO 9 0
2021-12-15 22:37:31,823 INFO 9 0
2021-12-15 22:37:31,825 INFO 9 0
2021-12-15 22:37:31,827 INFO 9 0
2021-12-15 22:37:32,040 INFO 9 0
2021-12-15 22:37:32,041 INFO 9 0
2021-12-15 22:37:32,041 INFO 9 0
2021-12-15 22:37:32,546 INFO 9 0
2021-12-15 22:37:32,547 INFO 9 0
2021-12-15 22:37:32,547 INFO 8 0
2021-12-15 22:37:32,751 INFO 8 0
2021-12-15 22:37:32,752 INFO 8 0
2021-12-15 22:37:32,753 INFO 7 0
2021-12-15 22:37:32,937 INFO 7 0
2021-12-15 22:37:32,938 INFO 7 0
2021-12-15 22:37:32,939 INFO 6 0
2021-12-15 22:37:33,135 INFO 6 0
2021-12-15 22:37:33,138 INFO 6 0
2021-12-15 22:37:33,139 INFO 5 0
2021-12-15 22:37:33,658 INFO 5 0
2021-12-15 22:37:33,659 INFO 5 0
2021-12-15 22:37:33,660 INFO 4 0
2021-12-15 22:37:34,503 INFO 4 0
2021-12-15 22:37:34,505 INFO 4 0
2021-12-15 22:37:34,506 INFO 3 0
2021-12-15 22:37:35,327 INFO 3 0
2021-12-15 22:37:35,330 INFO 3 0
2021-12-15 22:37:35,331 INFO 2 0
2021-12-15 22:38:53,623 INFO 
2021-12-15 22:38:53,625 INFO [
2021-12-15 22:38:53,626 INFO C
2021-12-15 22:38:54,080 INFO 
2021-12-15 22:38:54,083 INFO [
2021-12-15 22:38:54,084 INFO C
2021-12-15 22:38:54,728 INFO 
2021-12-15 22:38:54,731 INFO [
2021-12-15 22:38:54,733 INFO C
2021-12-15 22:38:55,088 INFO 
2021-12-15 22:38:55,092 INFO [
2021-12-15 22:38:55,092 INFO C
2021-12-15 22:38:55,382 INFO 
2021-12-15 22:38:55,386 INFO [
2021-12-15 22:38:55,387 INFO D
2021-12-15 22:38:55,874 INFO 
2021-12-15 22:38:55,877 INFO [
2021-12-15 22:38:55,878 INFO D
2021-12-15 22:38:56,315 INFO 
2021-12-15 22:38:56,317 INFO [
2021-12-15 22:38:56,318 INFO D
2021-12-15 22:38:56,777 INFO 
2021-12-15 22:38:56,780 INFO [
2021-12-15 22:38:56,781 INFO A
2021-12-15 22:38:57,160 INFO 
2021-12-15 22:38:57,162 INFO [
2021-12-15 22:38:57,164 INFO A
2021-12-15 22:38:57,567 INFO 
2021-12-15 22:38:57,570 INFO [
2021-12-15 22:38:57,573 INFO A
2021-12-15 22:38:57,984 INFO 
2021-12-15 22:38:57,987 INFO [
2021-12-15 22:38:57,990 INFO A
2021-12-15 22:38:58,408 INFO 
2021-12-15 22:38:58,410 INFO [
2021-12-15 22:38:58,411 INFO A
2021-12-15 22:40:18,986 INFO d
2021-12-15 22:40:19,416 INFO d
2021-12-15 22:40:19,783 INFO d
2021-12-15 22:40:20,251 INFO a
2021-12-15 22:40:20,488 INFO a
2021-12-15 22:40:20,737 INFO a
2021-12-15 22:40:21,137 INFO w
2021-12-15 22:40:21,553 INFO w
2021-12-15 22:40:21,941 INFO s
2021-12-15 22:40:22,299 INFO s
2021-12-15 22:40:22,660 INFO s
2021-12-15 22:40:23,110 INFO w
2021-12-15 22:40:23,667 INFO w
2021-12-15 22:40:24,143 INFO w
2021-12-15 22:43:39,011 INFO 
2021-12-15 22:43:39,013 INFO [
2021-12-15 22:43:39,014 INFO C
2021-12-15 22:43:39,478 INFO 
2021-12-15 22:43:39,482 INFO [
2021-12-15 22:43:39,484 INFO C
2021-12-15 22:43:39,859 INFO 
2021-12-15 22:43:39,862 INFO [
2021-12-15 22:43:39,863 INFO C
2021-12-15 22:43:40,332 INFO d
2021-12-15 22:43:40,609 INFO d
2021-12-15 22:43:40,887 INFO d
2021-12-15 22:43:42,553 INFO a
2021-12-15 22:43:43,005 INFO a
2021-12-15 22:43:43,393 INFO a
2021-12-15 22:43:43,860 INFO a
2021-12-15 22:43:44,075 INFO a
2021-12-15 22:43:44,709 INFO a
2021-12-15 22:43:44,937 INFO a
2021-12-15 22:44:11,615 INFO 
2021-12-15 22:44:11,622 INFO [
2021-12-15 22:44:11,625 INFO C
2021-12-15 22:44:13,134 INFO d
2021-12-15 22:44:13,393 INFO d
2021-12-15 22:44:13,621 INFO d
2021-12-15 22:44:14,117 INFO d
2021-12-15 22:44:14,454 INFO d
2021-12-15 22:44:50,172 INFO 
2021-12-15 22:45:20,657 INFO 
2021-12-15 22:45:33,046 INFO 
2021-12-15 22:45:33,048 INFO [
2021-12-15 22:45:33,049 INFO C
2021-12-15 22:45:33,463 INFO 
2021-12-15 22:45:33,467 INFO [
2021-12-15 22:45:33,470 INFO C
2021-12-15 22:45:35,675 INFO 
2021-12-15 22:45:35,677 INFO [
2021-12-15 22:45:35,678 INFO D
2021-12-15 22:45:36,042 INFO 
2021-12-15 22:45:36,047 INFO [
2021-12-15 22:45:36,050 INFO A
2021-12-15 22:45:36,337 INFO 
2021-12-15 22:45:36,340 INFO [
2021-12-15 22:45:36,343 INFO B
2021-12-15 22:47:33,614 INFO 
2021-12-15 22:47:33,618 INFO [
2021-12-15 22:47:33,618 INFO C
2021-12-15 22:47:34,379 INFO 
2021-12-15 22:47:34,383 INFO [
2021-12-15 22:47:34,384 INFO C
2021-12-15 22:47:34,878 INFO 
2021-12-15 22:47:34,881 INFO [
2021-12-15 22:47:34,883 INFO C
2021-12-15 22:47:35,197 INFO 
2021-12-15 22:47:35,202 INFO [
2021-12-15 22:47:35,203 INFO C
2021-12-15 22:47:35,796 INFO 
2021-12-15 22:47:35,797 INFO [
2021-12-15 22:47:35,798 INFO A
2021-12-15 22:47:36,247 INFO 
2021-12-15 22:47:36,251 INFO [
2021-12-15 22:47:36,253 INFO D
2021-12-15 22:47:36,516 INFO 
2021-12-15 22:47:36,520 INFO [
2021-12-15 22:47:36,521 INFO B
2021-12-15 22:48:01,553 INFO 
2021-12-15 22:48:01,554 INFO [
2021-12-15 22:48:01,555 INFO C
2021-12-15 22:48:02,114 INFO 
2021-12-15 22:48:02,115 INFO [
2021-12-15 22:48:02,116 INFO B
2021-12-15 22:48:02,537 INFO 
2021-12-15 22:48:02,541 INFO [
2021-12-15 22:48:02,543 INFO A
2021-12-15 22:48:02,994 INFO 
2021-12-15 22:48:02,996 INFO [
2021-12-15 22:48:02,997 INFO D
2021-12-15 22:48:03,515 INFO 
2021-12-15 22:48:03,516 INFO [
2021-12-15 22:48:03,517 INFO B
2021-12-15 22:48:03,983 INFO 
2021-12-15 22:48:03,986 INFO [
2021-12-15 22:48:03,987 INFO B
2021-12-15 22:48:04,388 INFO 
2021-12-15 22:48:04,392 INFO [
2021-12-15 22:48:04,393 INFO D
2021-12-15 22:48:04,890 INFO 
2021-12-15 22:48:04,893 INFO [
2021-12-15 22:48:04,894 INFO D
2021-12-15 22:48:05,370 INFO 
2021-12-15 22:48:05,373 INFO [
2021-12-15 22:48:05,374 INFO D
2021-12-15 22:48:05,805 INFO 
2021-12-15 22:48:05,809 INFO [
2021-12-15 22:48:05,810 INFO C
2021-12-15 22:48:06,272 INFO 
2021-12-15 22:48:06,274 INFO [
2021-12-15 22:48:06,275 INFO A
2021-12-15 22:48:06,881 INFO a
2021-12-15 22:48:07,160 INFO a
2021-12-15 22:48:07,309 INFO s
2021-12-15 22:48:07,639 INFO d
2021-12-15 22:48:07,902 INFO w
2021-12-15 22:49:35,947 INFO 
2021-12-15 22:49:35,947 INFO 0 0
2021-12-15 22:49:35,947 INFO [
2021-12-15 22:49:35,947 INFO 0 0
2021-12-15 22:49:35,948 INFO C
2021-12-15 22:49:35,948 INFO 0 0
2021-12-15 22:49:36,747 INFO 
2021-12-15 22:49:36,747 INFO 0 0
2021-12-15 22:49:36,748 INFO [
2021-12-15 22:49:36,748 INFO 0 0
2021-12-15 22:49:36,748 INFO B
2021-12-15 22:49:36,748 INFO 0 0
2021-12-15 22:49:37,270 INFO 
2021-12-15 22:49:37,270 INFO 0 0
2021-12-15 22:49:37,271 INFO [
2021-12-15 22:49:37,271 INFO 0 0
2021-12-15 22:49:37,271 INFO D
2021-12-15 22:49:37,272 INFO 0 0
2021-12-15 22:49:37,792 INFO 
2021-12-15 22:49:37,793 INFO 0 0
2021-12-15 22:49:37,793 INFO [
2021-12-15 22:49:37,793 INFO 0 0
2021-12-15 22:49:37,794 INFO C
2021-12-15 22:49:37,794 INFO 0 0
2021-12-15 22:49:38,793 INFO 
2021-12-15 22:49:38,793 INFO 0 0
2021-12-15 22:49:38,794 INFO [
2021-12-15 22:49:38,794 INFO 0 0
2021-12-15 22:49:38,795 INFO A
2021-12-15 22:49:38,795 INFO 0 0
2021-12-15 22:49:39,203 INFO 
2021-12-15 22:49:39,203 INFO 0 0
2021-12-15 22:49:39,204 INFO [
2021-12-15 22:49:39,204 INFO 0 0
2021-12-15 22:49:39,205 INFO D
2021-12-15 22:49:39,205 INFO 0 0
2021-12-15 22:49:39,723 INFO 
2021-12-15 22:49:39,724 INFO 0 0
2021-12-15 22:49:39,725 INFO [
2021-12-15 22:49:39,726 INFO 0 0
2021-12-15 22:49:39,726 INFO D
2021-12-15 22:49:39,726 INFO 0 0
2021-12-15 22:49:40,101 INFO 
2021-12-15 22:49:40,101 INFO 0 0
2021-12-15 22:49:40,101 INFO [
2021-12-15 22:49:40,102 INFO 0 0
2021-12-15 22:49:40,102 INFO C
2021-12-15 22:49:40,102 INFO 0 0
2021-12-15 22:49:40,546 INFO 
2021-12-15 22:49:40,547 INFO 0 0
2021-12-15 22:49:40,549 INFO [
2021-12-15 22:49:40,549 INFO 0 0
2021-12-15 22:49:40,550 INFO B
2021-12-15 22:49:40,550 INFO 0 0
2021-12-15 22:49:40,949 INFO 
2021-12-15 22:49:40,949 INFO 0 0
2021-12-15 22:49:40,952 INFO [
2021-12-15 22:49:40,953 INFO 0 0
2021-12-15 22:49:40,953 INFO A
2021-12-15 22:49:40,953 INFO 0 0
2021-12-15 22:49:41,324 INFO 
2021-12-15 22:49:41,324 INFO 0 0
2021-12-15 22:49:41,327 INFO [
2021-12-15 22:49:41,327 INFO 0 0
2021-12-15 22:49:41,328 INFO D
2021-12-15 22:49:41,328 INFO 0 0
2021-12-15 22:50:44,651 INFO d
2021-12-15 22:50:44,651 INFO 1 0
2021-12-15 22:50:44,865 INFO d
2021-12-15 22:50:44,865 INFO 2 0
2021-12-15 22:50:45,040 INFO d
2021-12-15 22:50:45,040 INFO 3 0
2021-12-15 22:50:45,212 INFO d
2021-12-15 22:50:45,212 INFO 4 0
2021-12-15 22:51:39,585 INFO d
2021-12-15 22:51:39,586 INFO 1 0
2021-12-15 22:51:39,800 INFO d
2021-12-15 22:51:39,800 INFO 2 0
2021-12-15 22:51:40,521 INFO d
2021-12-15 22:51:40,522 INFO 3 0
2021-12-15 22:51:40,687 INFO d
2021-12-15 22:51:40,688 INFO 4 0
2021-12-15 22:51:40,895 INFO d
2021-12-15 22:51:40,895 INFO 5 0
2021-12-15 22:51:41,118 INFO a
2021-12-15 22:51:41,119 INFO 4 0
2021-12-15 22:51:41,299 INFO a
2021-12-15 22:51:41,299 INFO 3 0
2021-12-15 22:51:41,473 INFO a
2021-12-15 22:51:41,473 INFO 2 0
2021-12-15 22:51:41,641 INFO a
2021-12-15 22:51:41,641 INFO 1 0
2021-12-15 22:51:41,794 INFO a
2021-12-15 22:51:41,794 INFO 0 0
2021-12-15 22:51:42,136 INFO d
2021-12-15 22:51:42,136 INFO 1 0
2021-12-15 22:51:42,275 INFO d
2021-12-15 22:51:42,275 INFO 2 0
2021-12-15 22:51:42,418 INFO d
2021-12-15 22:51:42,419 INFO 3 0
2021-12-15 22:51:42,558 INFO d
2021-12-15 22:51:42,558 INFO 4 0
2021-12-15 22:51:42,704 INFO d
2021-12-15 22:51:42,704 INFO 5 0
2021-12-15 22:51:42,861 INFO d
2021-12-15 22:51:42,862 INFO 6 0
2021-12-15 22:51:42,991 INFO d
2021-12-15 22:51:42,992 INFO 7 0
2021-12-15 22:51:43,129 INFO d
2021-12-15 22:51:43,129 INFO 8 0
2021-12-15 22:51:43,624 INFO d
2021-12-15 22:51:43,625 INFO 9 0
2021-12-15 22:51:46,824 INFO d
2021-12-15 22:51:46,825 INFO 1 0
2021-12-15 22:51:47,075 INFO d
2021-12-15 22:51:47,075 INFO 2 0
2021-12-15 22:51:47,277 INFO d
2021-12-15 22:51:47,277 INFO 3 0
2021-12-15 22:51:47,448 INFO d
2021-12-15 22:51:47,448 INFO 4 0
2021-12-15 22:51:47,673 INFO d
2021-12-15 22:51:47,674 INFO 5 0
2021-12-15 22:51:47,897 INFO d
2021-12-15 22:51:47,898 INFO 6 0
2021-12-15 22:51:48,132 INFO d
2021-12-15 22:51:48,132 INFO 7 0
2021-12-15 22:51:48,720 INFO d
2021-12-15 22:51:48,721 INFO 8 0
2021-12-15 22:53:40,708 INFO 
2021-12-15 22:53:40,708 INFO 0 0
2021-12-15 22:53:40,709 INFO [
2021-12-15 22:53:40,709 INFO 0 0
2021-12-15 22:53:40,709 INFO C
2021-12-15 22:53:40,709 INFO 0 0
2021-12-15 22:53:40,960 INFO 
2021-12-15 22:53:40,960 INFO 0 0
2021-12-15 22:53:40,961 INFO [
2021-12-15 22:53:40,961 INFO 0 0
2021-12-15 22:53:40,961 INFO C
2021-12-15 22:53:40,961 INFO 0 0
2021-12-15 22:58:48,474 INFO 
2021-12-15 22:58:48,474 INFO 0 0
2021-12-15 22:58:48,475 INFO LEFT
2021-12-15 22:58:48,475 INFO 0 0
2021-12-15 22:58:48,687 INFO 
2021-12-15 22:58:48,688 INFO 0 0
2021-12-15 22:58:48,689 INFO LEFT
2021-12-15 22:58:48,689 INFO 0 0
2021-12-15 22:58:49,511 INFO 
2021-12-15 22:58:49,512 INFO 0 0
2021-12-15 22:58:49,513 INFO LEFT
2021-12-15 22:58:49,513 INFO 0 0
2021-12-15 22:58:49,994 INFO 
2021-12-15 22:58:49,995 INFO 0 0
2021-12-15 22:58:49,996 INFO LEFT
2021-12-15 22:58:49,996 INFO 0 0
2021-12-15 22:58:50,517 INFO 
2021-12-15 22:58:50,517 INFO 0 0
2021-12-15 22:58:50,520 INFO LEFT
2021-12-15 22:58:50,520 INFO 0 0
2021-12-15 22:59:26,697 INFO 
2021-12-15 22:59:26,698 INFO 0 0
2021-12-15 22:59:26,699 INFO RIGHT
2021-12-15 22:59:26,699 INFO 1 0
2021-12-15 22:59:27,043 INFO 
2021-12-15 22:59:27,044 INFO 1 0
2021-12-15 22:59:27,044 INFO RIGHT
2021-12-15 22:59:27,045 INFO 2 0
2021-12-15 22:59:27,213 INFO 
2021-12-15 22:59:27,213 INFO 2 0
2021-12-15 22:59:27,214 INFO RIGHT
2021-12-15 22:59:27,215 INFO 3 0
2021-12-15 22:59:27,404 INFO 
2021-12-15 22:59:27,405 INFO 3 0
2021-12-15 22:59:27,406 INFO RIGHT
2021-12-15 22:59:27,406 INFO 4 0
2021-12-15 22:59:27,652 INFO 
2021-12-15 22:59:27,652 INFO 4 0
2021-12-15 22:59:27,653 INFO LEFT
2021-12-15 22:59:27,653 INFO 3 0
2021-12-15 22:59:27,845 INFO 
2021-12-15 22:59:27,845 INFO 3 0
2021-12-15 22:59:27,846 INFO LEFT
2021-12-15 22:59:27,846 INFO 2 0
2021-12-15 22:59:28,007 INFO 
2021-12-15 22:59:28,007 INFO 2 0
2021-12-15 22:59:28,009 INFO LEFT
2021-12-15 22:59:28,010 INFO 1 0
2021-12-15 22:59:28,155 INFO 
2021-12-15 22:59:28,155 INFO 1 0
2021-12-15 22:59:28,156 INFO RIGHT
2021-12-15 22:59:28,156 INFO 2 0
2021-12-15 22:59:28,315 INFO 
2021-12-15 22:59:28,315 INFO 2 0
2021-12-15 22:59:28,316 INFO RIGHT
2021-12-15 22:59:28,316 INFO 3 0
2021-12-15 22:59:28,462 INFO 
2021-12-15 22:59:28,462 INFO 3 0
2021-12-15 22:59:28,463 INFO RIGHT
2021-12-15 22:59:28,464 INFO 4 0
2021-12-15 22:59:28,725 INFO 
2021-12-15 22:59:28,725 INFO 4 0
2021-12-15 22:59:28,728 INFO UP
2021-12-15 22:59:28,728 INFO 4 1
2021-12-15 22:59:29,226 INFO 
2021-12-15 22:59:29,227 INFO 4 1
2021-12-15 22:59:29,229 INFO UP
2021-12-15 22:59:29,229 INFO 4 2
2021-12-15 22:59:29,598 INFO 
2021-12-15 22:59:29,598 INFO 4 2
2021-12-15 22:59:29,599 INFO UP
2021-12-15 22:59:29,599 INFO 4 3
2021-12-15 22:59:29,995 INFO 
2021-12-15 22:59:29,996 INFO 4 3
2021-12-15 22:59:29,998 INFO UP
2021-12-15 22:59:29,998 INFO 4 0
2021-12-15 22:59:30,291 INFO 
2021-12-15 22:59:30,292 INFO 4 0
2021-12-15 22:59:30,293 INFO UP
2021-12-15 22:59:30,293 INFO 4 1
2021-12-15 22:59:30,649 INFO 
2021-12-15 22:59:30,649 INFO 4 1
2021-12-15 22:59:30,652 INFO UP
2021-12-15 22:59:30,652 INFO 4 2
2021-12-15 22:59:30,817 INFO 
2021-12-15 22:59:30,817 INFO 4 2
2021-12-15 22:59:30,818 INFO UP
2021-12-15 22:59:30,818 INFO 4 3
2021-12-15 22:59:30,971 INFO 
2021-12-15 22:59:30,972 INFO 4 3
2021-12-15 22:59:30,972 INFO UP
2021-12-15 22:59:30,972 INFO 4 0
2021-12-15 22:59:31,348 INFO 
2021-12-15 22:59:31,349 INFO 4 0
2021-12-15 22:59:31,349 INFO LEFT
2021-12-15 22:59:31,349 INFO 3 0
2021-12-15 22:59:31,553 INFO 
2021-12-15 22:59:31,554 INFO 3 0
2021-12-15 22:59:31,557 INFO LEFT
2021-12-15 22:59:31,557 INFO 2 0
2021-12-15 22:59:31,759 INFO 
2021-12-15 22:59:31,759 INFO 2 0
2021-12-15 22:59:31,760 INFO LEFT
2021-12-15 22:59:31,760 INFO 1 0
2021-12-15 22:59:31,974 INFO 
2021-12-15 22:59:31,974 INFO 1 0
2021-12-15 22:59:31,976 INFO UP
2021-12-15 22:59:31,976 INFO 1 1
2021-12-15 22:59:32,414 INFO 
2021-12-15 22:59:32,414 INFO 1 1
2021-12-15 22:59:32,416 INFO UP
2021-12-15 22:59:32,417 INFO 1 2
2021-12-15 22:59:32,590 INFO 
2021-12-15 22:59:32,590 INFO 1 2
2021-12-15 22:59:32,591 INFO UP
2021-12-15 22:59:32,591 INFO 1 3
2021-12-15 22:59:32,787 INFO 
2021-12-15 22:59:32,788 INFO 1 3
2021-12-15 22:59:32,790 INFO UP
2021-12-15 22:59:32,790 INFO 1 0
2021-12-15 22:59:33,514 INFO 
2021-12-15 22:59:33,514 INFO 1 0
2021-12-15 22:59:33,517 INFO LEFT
2021-12-15 22:59:33,517 INFO 0 0
2021-12-15 22:59:33,928 INFO 
2021-12-15 22:59:33,928 INFO 0 0
2021-12-15 22:59:33,928 INFO RIGHT
2021-12-15 22:59:33,928 INFO 1 0
2021-12-15 22:59:34,077 INFO 
2021-12-15 22:59:34,077 INFO 1 0
2021-12-15 22:59:34,077 INFO RIGHT
2021-12-15 22:59:34,077 INFO 2 0
2021-12-15 22:59:34,232 INFO 
2021-12-15 22:59:34,232 INFO 2 0
2021-12-15 22:59:34,234 INFO RIGHT
2021-12-15 22:59:34,235 INFO 3 0
2021-12-15 22:59:34,484 INFO 
2021-12-15 22:59:34,484 INFO 3 0
2021-12-15 22:59:34,485 INFO RIGHT
2021-12-15 22:59:34,485 INFO 4 0
2021-12-15 22:59:34,633 INFO 
2021-12-15 22:59:34,633 INFO 4 0
2021-12-15 22:59:34,634 INFO RIGHT
2021-12-15 22:59:34,635 INFO 5 0
2021-12-15 22:59:34,790 INFO 
2021-12-15 22:59:34,791 INFO 5 0
2021-12-15 22:59:34,792 INFO RIGHT
2021-12-15 22:59:34,792 INFO 6 0
2021-12-15 22:59:34,964 INFO 
2021-12-15 22:59:34,965 INFO 6 0
2021-12-15 22:59:34,965 INFO RIGHT
2021-12-15 22:59:34,966 INFO 7 0
2021-12-15 22:59:38,082 INFO 
2021-12-15 22:59:38,082 INFO 0 0
2021-12-15 22:59:38,083 INFO RIGHT
2021-12-15 22:59:38,083 INFO 1 0
2021-12-15 22:59:38,215 INFO 
2021-12-15 22:59:38,215 INFO 1 0
2021-12-15 22:59:38,215 INFO RIGHT
2021-12-15 22:59:38,215 INFO 2 0
2021-12-15 22:59:38,369 INFO 
2021-12-15 22:59:38,370 INFO 2 0
2021-12-15 22:59:38,370 INFO RIGHT
2021-12-15 22:59:38,370 INFO 3 0
2021-12-15 22:59:38,498 INFO 
2021-12-15 22:59:38,499 INFO 3 0
2021-12-15 22:59:38,499 INFO RIGHT
2021-12-15 22:59:38,499 INFO 4 0
2021-12-15 22:59:38,628 INFO 
2021-12-15 22:59:38,629 INFO 4 0
2021-12-15 22:59:38,629 INFO RIGHT
2021-12-15 22:59:38,629 INFO 5 0
2021-12-15 22:59:38,778 INFO 
2021-12-15 22:59:38,779 INFO 5 0
2021-12-15 22:59:38,780 INFO RIGHT
2021-12-15 22:59:38,780 INFO 6 0
2021-12-15 22:59:38,897 INFO 
2021-12-15 22:59:38,897 INFO 6 0
2021-12-15 22:59:38,897 INFO RIGHT
2021-12-15 22:59:38,897 INFO 7 0
2021-12-15 22:59:39,052 INFO 
2021-12-15 22:59:39,052 INFO 7 0
2021-12-15 22:59:39,052 INFO RIGHT
2021-12-15 22:59:39,052 INFO 8 0
2021-12-15 22:59:39,197 INFO 
2021-12-15 22:59:39,197 INFO 8 0
2021-12-15 22:59:39,198 INFO RIGHT
2021-12-15 22:59:39,198 INFO 9 0
2021-12-15 22:59:39,729 INFO 
2021-12-15 22:59:39,729 INFO 9 0
2021-12-15 22:59:39,730 INFO RIGHT
2021-12-15 22:59:39,730 INFO 9 0
2021-12-15 22:59:40,196 INFO 
2021-12-15 22:59:40,197 INFO 9 0
2021-12-15 22:59:40,199 INFO RIGHT
2021-12-15 22:59:40,199 INFO 9 0
2021-12-15 22:59:40,499 INFO 
2021-12-15 22:59:40,499 INFO 9 0
2021-12-15 22:59:40,501 INFO RIGHT
2021-12-15 22:59:40,502 INFO 9 0
2021-12-15 22:59:40,702 INFO 
2021-12-15 22:59:40,703 INFO 9 0
2021-12-15 22:59:40,705 INFO RIGHT
2021-12-15 22:59:40,705 INFO 9 0
2021-12-15 22:59:40,955 INFO 
2021-12-15 22:59:40,956 INFO 9 0
2021-12-15 22:59:40,957 INFO LEFT
2021-12-15 22:59:40,958 INFO 8 0
2021-12-15 22:59:41,132 INFO 
2021-12-15 22:59:41,133 INFO 8 0
2021-12-15 22:59:41,133 INFO LEFT
2021-12-15 22:59:41,133 INFO 7 0
2021-12-15 22:59:41,320 INFO 
2021-12-15 22:59:41,321 INFO 7 0
2021-12-15 22:59:41,322 INFO LEFT
2021-12-15 22:59:41,323 INFO 6 0
2021-12-15 22:59:41,545 INFO 
2021-12-15 22:59:41,545 INFO 6 0
2021-12-15 22:59:41,547 INFO RIGHT
2021-12-15 22:59:41,548 INFO 7 0
2021-12-15 22:59:41,690 INFO 
2021-12-15 22:59:41,691 INFO 7 0
2021-12-15 22:59:41,692 INFO RIGHT
2021-12-15 22:59:41,692 INFO 8 0
2021-12-15 22:59:41,825 INFO 
2021-12-15 22:59:41,826 INFO 8 0
2021-12-15 22:59:41,827 INFO RIGHT
2021-12-15 22:59:41,827 INFO 9 0
2021-12-15 22:59:41,990 INFO 
2021-12-15 22:59:41,991 INFO 9 0
2021-12-15 22:59:41,993 INFO RIGHT
2021-12-15 22:59:41,993 INFO 9 0
2021-12-15 22:59:42,300 INFO 
2021-12-15 22:59:42,301 INFO 9 0
2021-12-15 22:59:42,302 INFO RIGHT
2021-12-15 22:59:42,303 INFO 9 0
2021-12-15 22:59:42,578 INFO 
2021-12-15 22:59:42,578 INFO 9 0
2021-12-15 22:59:42,581 INFO LEFT
2021-12-15 22:59:42,581 INFO 8 0
2021-12-15 22:59:42,788 INFO 
2021-12-15 22:59:42,788 INFO 8 0
2021-12-15 22:59:42,788 INFO LEFT
2021-12-15 22:59:42,788 INFO 7 0
2021-12-15 22:59:42,970 INFO 
2021-12-15 22:59:42,970 INFO 7 0
2021-12-15 22:59:42,972 INFO LEFT
2021-12-15 22:59:42,973 INFO 6 0
2021-12-15 22:59:43,185 INFO 
2021-12-15 22:59:43,185 INFO 6 0
2021-12-15 22:59:43,186 INFO LEFT
2021-12-15 22:59:43,186 INFO 5 0
2021-12-15 22:59:43,436 INFO 
2021-12-15 22:59:43,436 INFO 5 0
2021-12-15 22:59:43,438 INFO UP
2021-12-15 22:59:43,438 INFO 5 0
2021-12-15 22:59:43,577 INFO 
2021-12-15 22:59:43,577 INFO 5 0
2021-12-15 22:59:43,579 INFO UP
2021-12-15 22:59:43,579 INFO 5 0
2021-12-15 22:59:43,745 INFO 
2021-12-15 22:59:43,746 INFO 5 0
2021-12-15 22:59:43,747 INFO UP
2021-12-15 22:59:43,747 INFO 5 0
2021-12-15 22:59:43,896 INFO 
2021-12-15 22:59:43,896 INFO 5 0
2021-12-15 22:59:43,897 INFO UP
2021-12-15 22:59:43,897 INFO 5 0
2021-12-15 22:59:44,043 INFO 
2021-12-15 22:59:44,043 INFO 5 0
2021-12-15 22:59:44,043 INFO UP
2021-12-15 22:59:44,043 INFO 5 0
2021-12-15 22:59:44,224 INFO 
2021-12-15 22:59:44,224 INFO 5 0
2021-12-15 22:59:44,225 INFO LEFT
2021-12-15 22:59:44,225 INFO 4 0
2021-12-15 22:59:44,414 INFO 
2021-12-15 22:59:44,414 INFO 4 0
2021-12-15 22:59:44,416 INFO LEFT
2021-12-15 22:59:44,416 INFO 3 0
2021-12-15 22:59:44,570 INFO 
2021-12-15 22:59:44,571 INFO 3 0
2021-12-15 22:59:44,572 INFO LEFT
2021-12-15 22:59:44,572 INFO 2 0
2021-12-15 22:59:44,731 INFO 
2021-12-15 22:59:44,731 INFO 2 0
2021-12-15 22:59:44,732 INFO LEFT
2021-12-15 22:59:44,732 INFO 1 0
2021-12-15 22:59:44,916 INFO 
2021-12-15 22:59:44,916 INFO 1 0
2021-12-15 22:59:44,916 INFO LEFT
2021-12-15 22:59:44,917 INFO 0 0
2021-12-15 22:59:45,043 INFO 
2021-12-15 22:59:45,043 INFO 0 0
2021-12-15 22:59:45,044 INFO LEFT
2021-12-15 22:59:45,044 INFO 0 0
2021-12-15 22:59:45,201 INFO 
2021-12-15 22:59:45,201 INFO 0 0
2021-12-15 22:59:45,202 INFO LEFT
2021-12-15 22:59:45,202 INFO 0 0
2021-12-15 22:59:45,664 INFO 
2021-12-15 22:59:45,665 INFO 0 0
2021-12-15 22:59:45,667 INFO DOWN
2021-12-15 22:59:45,667 INFO 0 0
2021-12-15 22:59:46,106 INFO 
2021-12-15 22:59:46,106 INFO 0 0
2021-12-15 22:59:46,107 INFO DOWN
2021-12-15 22:59:46,107 INFO 0 0
2021-12-15 22:59:46,301 INFO 
2021-12-15 22:59:46,302 INFO 0 0
2021-12-15 22:59:46,302 INFO DOWN
2021-12-15 22:59:46,302 INFO 0 0
2021-12-15 22:59:46,524 INFO 
2021-12-15 22:59:46,525 INFO 0 0
2021-12-15 22:59:46,526 INFO RIGHT
2021-12-15 22:59:46,527 INFO 1 0
2021-12-15 22:59:46,718 INFO 
2021-12-15 22:59:46,719 INFO 1 0
2021-12-15 22:59:46,721 INFO RIGHT
2021-12-15 22:59:46,721 INFO 2 0
2021-12-15 22:59:46,871 INFO 
2021-12-15 22:59:46,872 INFO 2 0
2021-12-15 22:59:46,874 INFO RIGHT
2021-12-15 22:59:46,874 INFO 3 0
2021-12-15 22:59:47,029 INFO 
2021-12-15 22:59:47,030 INFO 3 0
2021-12-15 22:59:47,032 INFO RIGHT
2021-12-15 22:59:47,032 INFO 4 0
2021-12-15 22:59:47,155 INFO 
2021-12-15 22:59:47,155 INFO 4 0
2021-12-15 22:59:47,155 INFO RIGHT
2021-12-15 22:59:47,155 INFO 5 0
2021-12-15 22:59:47,334 INFO 
2021-12-15 22:59:47,334 INFO 5 0
2021-12-15 22:59:47,335 INFO RIGHT
2021-12-15 22:59:47,335 INFO 6 0
2021-12-15 22:59:47,801 INFO 
2021-12-15 22:59:47,801 INFO 6 0
2021-12-15 22:59:47,802 INFO RIGHT
2021-12-15 22:59:47,802 INFO 7 0
2021-12-15 22:59:48,179 INFO 
2021-12-15 22:59:48,179 INFO 7 0
2021-12-15 22:59:48,180 INFO RIGHT
2021-12-15 22:59:48,180 INFO 8 0
2021-12-15 22:59:48,664 INFO 
2021-12-15 22:59:48,665 INFO 8 0
2021-12-15 22:59:48,667 INFO RIGHT
2021-12-15 22:59:48,667 INFO 9 0
2021-12-15 22:59:49,182 INFO 
2021-12-15 22:59:49,182 INFO 9 0
2021-12-15 22:59:49,184 INFO LEFT
2021-12-15 22:59:49,184 INFO 8 0
2021-12-15 22:59:49,425 INFO 
2021-12-15 22:59:49,426 INFO 8 0
2021-12-15 22:59:49,428 INFO LEFT
2021-12-15 22:59:49,428 INFO 7 0
2021-12-15 22:59:49,680 INFO 
2021-12-15 22:59:49,681 INFO 7 0
2021-12-15 22:59:49,682 INFO LEFT
2021-12-15 22:59:49,682 INFO 6 0
2021-12-15 22:59:49,933 INFO 
2021-12-15 22:59:49,933 INFO 6 0
2021-12-15 22:59:49,936 INFO LEFT
2021-12-15 22:59:49,936 INFO 5 0
2021-12-15 22:59:50,154 INFO 
2021-12-15 22:59:50,155 INFO 5 0
2021-12-15 22:59:50,155 INFO LEFT
2021-12-15 22:59:50,155 INFO 4 0
2021-12-15 22:59:50,330 INFO 
2021-12-15 22:59:50,331 INFO 4 0
2021-12-15 22:59:50,332 INFO LEFT
2021-12-15 22:59:50,333 INFO 3 0
2021-12-15 22:59:50,520 INFO 
2021-12-15 22:59:50,521 INFO 3 0
2021-12-15 22:59:50,522 INFO LEFT
2021-12-15 22:59:50,523 INFO 2 0
2021-12-15 22:59:50,662 INFO 
2021-12-15 22:59:50,662 INFO 2 0
2021-12-15 22:59:50,663 INFO LEFT
2021-12-15 22:59:50,663 INFO 1 0
2021-12-15 22:59:50,857 INFO 
2021-12-15 22:59:50,857 INFO 1 0
2021-12-15 22:59:50,858 INFO LEFT
2021-12-15 22:59:50,858 INFO 0 0
2021-12-15 22:59:51,037 INFO 
2021-12-15 22:59:51,037 INFO 0 0
2021-12-15 22:59:51,038 INFO LEFT
2021-12-15 22:59:51,038 INFO 0 0
2021-12-15 22:59:51,633 INFO 
2021-12-15 22:59:51,633 INFO 0 0
2021-12-15 22:59:51,634 INFO RIGHT
2021-12-15 22:59:51,634 INFO 1 0
2021-12-15 22:59:51,860 INFO 
2021-12-15 22:59:51,860 INFO 1 0
2021-12-15 22:59:51,861 INFO RIGHT
2021-12-15 22:59:51,862 INFO 2 0
2021-12-15 22:59:52,011 INFO 
2021-12-15 22:59:52,012 INFO 2 0
2021-12-15 22:59:52,014 INFO RIGHT
2021-12-15 22:59:52,014 INFO 3 0
2021-12-15 22:59:52,179 INFO 
2021-12-15 22:59:52,179 INFO 3 0
2021-12-15 22:59:52,180 INFO RIGHT
2021-12-15 22:59:52,180 INFO 4 0
2021-12-15 23:00:47,986 INFO 
2021-12-15 23:00:47,987 INFO 0 0
2021-12-15 23:00:47,988 INFO RIGHT
2021-12-15 23:00:47,988 INFO 1 0
2021-12-15 23:00:48,259 INFO 
2021-12-15 23:00:48,259 INFO 1 0
2021-12-15 23:00:48,260 INFO RIGHT
2021-12-15 23:00:48,260 INFO 2 0
2021-12-15 23:00:48,395 INFO 
2021-12-15 23:00:48,396 INFO 2 0
2021-12-15 23:00:48,396 INFO RIGHT
2021-12-15 23:00:48,396 INFO 3 0
2021-12-15 23:00:48,491 INFO 
2021-12-15 23:00:48,491 INFO 3 0
2021-12-15 23:00:48,491 INFO RIGHT
2021-12-15 23:00:48,491 INFO 4 0
2021-12-15 23:00:48,630 INFO 
2021-12-15 23:00:48,630 INFO 4 0
2021-12-15 23:00:48,631 INFO RIGHT
2021-12-15 23:00:48,631 INFO 5 0
2021-12-15 23:00:48,809 INFO 
2021-12-15 23:00:48,810 INFO 5 0
2021-12-15 23:00:48,810 INFO LEFT
2021-12-15 23:00:48,810 INFO 4 0
2021-12-15 23:00:49,008 INFO 
2021-12-15 23:00:49,009 INFO 4 0
2021-12-15 23:00:49,010 INFO LEFT
2021-12-15 23:00:49,010 INFO 3 0
2021-12-15 23:00:49,176 INFO 
2021-12-15 23:00:49,176 INFO 3 0
2021-12-15 23:00:49,177 INFO LEFT
2021-12-15 23:00:49,177 INFO 2 0
2021-12-15 23:00:49,320 INFO 
2021-12-15 23:00:49,320 INFO 2 0
2021-12-15 23:00:49,321 INFO LEFT
2021-12-15 23:00:49,321 INFO 1 0
2021-12-15 23:00:51,449 INFO 
2021-12-15 23:00:51,449 INFO 0 0
2021-12-15 23:00:51,450 INFO RIGHT
2021-12-15 23:00:51,450 INFO 1 0
2021-12-15 23:00:51,647 INFO 
2021-12-15 23:00:51,648 INFO 1 0
2021-12-15 23:00:51,648 INFO RIGHT
2021-12-15 23:00:51,648 INFO 2 0
2021-12-15 23:00:51,810 INFO 
2021-12-15 23:00:51,810 INFO 2 0
2021-12-15 23:00:51,810 INFO RIGHT
2021-12-15 23:00:51,811 INFO 3 0
2021-12-15 23:00:51,980 INFO 
2021-12-15 23:00:51,980 INFO 3 0
2021-12-15 23:00:51,981 INFO DOWN
2021-12-15 23:00:51,981 INFO 3 0
2021-12-15 23:00:52,436 INFO 
2021-12-15 23:00:52,437 INFO 3 0
2021-12-15 23:00:52,439 INFO RIGHT
2021-12-15 23:00:52,439 INFO 4 0
2021-12-15 23:00:52,678 INFO 
2021-12-15 23:00:52,678 INFO 4 0
2021-12-15 23:00:52,680 INFO UP
2021-12-15 23:00:52,681 INFO 4 1
2021-12-15 23:00:52,913 INFO 
2021-12-15 23:00:52,913 INFO 4 1
2021-12-15 23:00:52,916 INFO UP
2021-12-15 23:00:52,916 INFO 4 0
2021-12-15 23:00:53,088 INFO 
2021-12-15 23:00:53,089 INFO 4 0
2021-12-15 23:00:53,090 INFO UP
2021-12-15 23:00:53,090 INFO 4 1
2021-12-15 23:00:53,269 INFO 
2021-12-15 23:00:53,269 INFO 4 1
2021-12-15 23:00:53,270 INFO UP
2021-12-15 23:00:53,270 INFO 4 0
2021-12-15 23:00:53,536 INFO 
2021-12-15 23:00:53,537 INFO 4 0
2021-12-15 23:00:53,538 INFO UP
2021-12-15 23:00:53,538 INFO 4 1
2021-12-15 23:00:53,831 INFO 
2021-12-15 23:00:53,831 INFO 4 1
2021-12-15 23:00:53,832 INFO UP
2021-12-15 23:00:53,832 INFO 4 0
2021-12-15 23:00:54,203 INFO 
2021-12-15 23:00:54,203 INFO 4 0
2021-12-15 23:00:54,203 INFO UP
2021-12-15 23:00:54,203 INFO 4 1
2021-12-15 23:00:54,453 INFO 
2021-12-15 23:00:54,453 INFO 4 1
2021-12-15 23:00:54,456 INFO RIGHT
2021-12-15 23:00:54,456 INFO 5 1
2021-12-15 23:00:54,615 INFO 
2021-12-15 23:00:54,615 INFO 5 1
2021-12-15 23:00:54,616 INFO RIGHT
2021-12-15 23:00:54,616 INFO 6 1
2021-12-15 23:00:54,766 INFO 
2021-12-15 23:00:54,766 INFO 6 1
2021-12-15 23:00:54,766 INFO RIGHT
2021-12-15 23:00:54,766 INFO 7 1
2021-12-15 23:02:07,200 INFO 
2021-12-15 23:02:07,201 INFO 0 0
2021-12-15 23:02:07,203 INFO UP
2021-12-15 23:02:07,203 INFO 0 1
2021-12-15 23:02:07,920 INFO 
2021-12-15 23:02:07,921 INFO 0 1
2021-12-15 23:02:07,922 INFO RIGHT
2021-12-15 23:02:21,035 INFO 
2021-12-15 23:02:21,036 INFO 0 0
2021-12-15 23:02:21,038 INFO RIGHT
2021-12-15 23:02:21,038 INFO 1 0
2021-12-15 23:02:21,191 INFO 
2021-12-15 23:02:21,191 INFO 1 0
2021-12-15 23:02:21,193 INFO RIGHT
2021-12-15 23:02:21,193 INFO 2 0
2021-12-15 23:02:21,347 INFO 
2021-12-15 23:02:21,348 INFO 2 0
2021-12-15 23:02:21,349 INFO RIGHT
2021-12-15 23:02:21,350 INFO 3 0
2021-12-15 23:02:21,471 INFO 
2021-12-15 23:02:21,472 INFO 3 0
2021-12-15 23:02:21,472 INFO RIGHT
2021-12-15 23:02:21,473 INFO 4 0
2021-12-15 23:02:21,634 INFO 
2021-12-15 23:02:21,635 INFO 4 0
2021-12-15 23:02:21,636 INFO RIGHT
2021-12-15 23:02:21,636 INFO 5 0
2021-12-15 23:02:21,930 INFO 
2021-12-15 23:02:21,931 INFO 5 0
2021-12-15 23:02:21,931 INFO UP
2021-12-15 23:02:21,931 INFO 5 1
2021-12-15 23:02:22,298 INFO 
2021-12-15 23:02:22,298 INFO 5 1
2021-12-15 23:02:22,299 INFO RIGHT
2021-12-15 23:02:22,299 INFO 6 1
2021-12-15 23:02:22,511 INFO 
2021-12-15 23:02:22,512 INFO 6 1
2021-12-15 23:02:22,515 INFO RIGHT
2021-12-15 23:02:22,516 INFO 7 1
2021-12-15 23:02:42,203 INFO 
2021-12-15 23:02:42,204 INFO 0 0
2021-12-15 23:02:42,205 INFO RIGHT
2021-12-15 23:02:42,205 INFO 1 0
2021-12-15 23:02:42,385 INFO 
2021-12-15 23:02:42,386 INFO 1 0
2021-12-15 23:02:42,388 INFO RIGHT
2021-12-15 23:02:42,388 INFO 2 0
2021-12-15 23:02:42,579 INFO 
2021-12-15 23:02:42,580 INFO 2 0
2021-12-15 23:02:42,583 INFO RIGHT
2021-12-15 23:02:42,583 INFO 3 0
2021-12-15 23:02:42,789 INFO 
2021-12-15 23:02:42,789 INFO 3 0
2021-12-15 23:02:42,789 INFO RIGHT
2021-12-15 23:02:42,790 INFO 4 0
2021-12-15 23:02:42,962 INFO 
2021-12-15 23:02:42,962 INFO 4 0
2021-12-15 23:02:42,964 INFO RIGHT
2021-12-15 23:02:42,964 INFO 5 0
2021-12-15 23:02:43,159 INFO 
2021-12-15 23:02:43,160 INFO 5 0
2021-12-15 23:02:43,161 INFO RIGHT
2021-12-15 23:02:43,161 INFO 6 0
2021-12-15 23:02:43,331 INFO 
2021-12-15 23:02:43,331 INFO 6 0
2021-12-15 23:02:43,332 INFO RIGHT
2021-12-15 23:02:43,332 INFO 7 0
2021-12-15 23:02:43,623 INFO 
2021-12-15 23:02:43,624 INFO 7 0
2021-12-15 23:02:43,626 INFO RIGHT
2021-12-15 23:02:43,626 INFO 8 0
2021-12-15 23:02:44,100 INFO 
2021-12-15 23:02:44,100 INFO 8 0
2021-12-15 23:02:44,103 INFO RIGHT
2021-12-15 23:02:44,103 INFO 8 0
2021-12-15 23:02:44,539 INFO 
2021-12-15 23:02:44,539 INFO 8 0
2021-12-15 23:02:44,540 INFO RIGHT
2021-12-15 23:02:44,540 INFO 8 0
2021-12-15 23:02:44,888 INFO 
2021-12-15 23:02:44,888 INFO 8 0
2021-12-15 23:02:44,889 INFO LEFT
2021-12-15 23:02:44,889 INFO 7 0
2021-12-15 23:02:45,284 INFO 
2021-12-15 23:02:45,285 INFO 7 0
2021-12-15 23:02:45,285 INFO LEFT
2021-12-15 23:02:45,285 INFO 6 0
2021-12-15 23:02:45,654 INFO 
2021-12-15 23:02:45,655 INFO 6 0
2021-12-15 23:02:45,657 INFO LEFT
2021-12-15 23:02:45,657 INFO 5 0
2021-12-15 23:02:45,840 INFO 
2021-12-15 23:02:45,841 INFO 5 0
2021-12-15 23:02:45,842 INFO LEFT
2021-12-15 23:02:45,842 INFO 4 0
2021-12-15 23:02:46,003 INFO 
2021-12-15 23:02:46,003 INFO 4 0
2021-12-15 23:02:46,004 INFO LEFT
2021-12-15 23:02:46,004 INFO 3 0
2021-12-15 23:02:46,150 INFO 
2021-12-15 23:02:46,151 INFO 3 0
2021-12-15 23:02:46,152 INFO LEFT
2021-12-15 23:02:46,153 INFO 2 0
2021-12-15 23:02:46,291 INFO 
2021-12-15 23:02:46,291 INFO 2 0
2021-12-15 23:02:46,292 INFO LEFT
2021-12-15 23:02:46,292 INFO 1 0
2021-12-15 23:02:46,436 INFO 
2021-12-15 23:02:46,436 INFO 1 0
2021-12-15 23:02:46,437 INFO LEFT
2021-12-15 23:02:46,437 INFO 0 0
2021-12-15 23:02:46,575 INFO 
2021-12-15 23:02:46,575 INFO 0 0
2021-12-15 23:02:46,575 INFO LEFT
2021-12-15 23:02:46,575 INFO 0 0
2021-12-15 23:02:48,402 INFO 
2021-12-15 23:02:48,402 INFO 0 0
2021-12-15 23:02:48,404 INFO RIGHT
2021-12-15 23:02:48,405 INFO 1 0
2021-12-15 23:02:48,817 INFO 
2021-12-15 23:02:48,818 INFO 1 0
2021-12-15 23:02:48,820 INFO RIGHT
2021-12-15 23:02:48,820 INFO 2 0
2021-12-15 23:02:49,001 INFO 
2021-12-15 23:02:49,001 INFO 2 0
2021-12-15 23:02:49,002 INFO RIGHT
2021-12-15 23:02:49,002 INFO 3 0
2021-12-15 23:02:49,194 INFO 
2021-12-15 23:02:49,194 INFO 3 0
2021-12-15 23:02:49,196 INFO RIGHT
2021-12-15 23:02:49,196 INFO 4 0
2021-12-15 23:02:49,625 INFO 
2021-12-15 23:02:49,625 INFO 4 0
2021-12-15 23:02:49,626 INFO RIGHT
2021-12-15 23:02:49,626 INFO 5 0
2021-12-15 23:02:49,978 INFO 
2021-12-15 23:02:49,978 INFO 5 0
2021-12-15 23:02:49,979 INFO RIGHT
2021-12-15 23:02:49,979 INFO 6 0
2021-12-15 23:02:50,830 INFO 
2021-12-15 23:02:50,831 INFO 6 0
2021-12-15 23:02:50,833 INFO RIGHT
2021-12-15 23:02:50,834 INFO 7 0
2021-12-15 23:02:53,476 INFO 
2021-12-15 23:02:53,476 INFO 0 0
2021-12-15 23:02:53,477 INFO RIGHT
2021-12-15 23:02:53,478 INFO 1 0
2021-12-15 23:02:53,692 INFO 
2021-12-15 23:02:53,693 INFO 1 0
2021-12-15 23:02:53,694 INFO RIGHT
2021-12-15 23:02:53,694 INFO 2 0
2021-12-15 23:02:53,864 INFO 
2021-12-15 23:02:53,865 INFO 2 0
2021-12-15 23:02:53,866 INFO RIGHT
2021-12-15 23:02:53,867 INFO 3 0
2021-12-15 23:02:54,010 INFO 
2021-12-15 23:02:54,010 INFO 3 0
2021-12-15 23:02:54,011 INFO RIGHT
2021-12-15 23:02:54,011 INFO 4 0
2021-12-15 23:02:55,695 INFO 
2021-12-15 23:02:55,696 INFO 0 0
2021-12-15 23:02:55,696 INFO RIGHT
2021-12-15 23:02:55,696 INFO 1 0
2021-12-15 23:02:55,936 INFO 
2021-12-15 23:02:55,936 INFO 1 0
2021-12-15 23:02:55,936 INFO RIGHT
2021-12-15 23:02:55,936 INFO 2 0
2021-12-15 23:02:56,128 INFO 
2021-12-15 23:02:56,128 INFO 2 0
2021-12-15 23:02:56,129 INFO RIGHT
2021-12-15 23:02:56,129 INFO 3 0
2021-12-15 23:02:56,318 INFO 
2021-12-15 23:02:56,319 INFO 3 0
2021-12-15 23:02:56,321 INFO RIGHT
2021-12-15 23:02:56,321 INFO 4 0
2021-12-15 23:02:56,601 INFO 
2021-12-15 23:02:56,601 INFO 4 0
2021-12-15 23:02:56,602 INFO RIGHT
2021-12-15 23:02:56,602 INFO 5 0
2021-12-15 23:02:57,085 INFO 
2021-12-15 23:02:57,086 INFO 5 0
2021-12-15 23:02:57,088 INFO RIGHT
2021-12-15 23:02:57,089 INFO 6 0
2021-12-15 23:02:58,794 INFO 
2021-12-15 23:02:58,794 INFO 6 0
2021-12-15 23:02:58,795 INFO RIGHT
2021-12-15 23:02:58,795 INFO 7 0
2021-12-15 23:02:59,589 INFO 
2021-12-15 23:02:59,590 INFO 7 0
2021-12-15 23:02:59,592 INFO RIGHT
2021-12-15 23:02:59,592 INFO 8 0
2021-12-15 23:03:00,252 INFO 
2021-12-15 23:03:00,252 INFO 8 0
2021-12-15 23:03:00,252 INFO RIGHT
2021-12-15 23:03:00,252 INFO 8 0
2021-12-15 23:03:00,837 INFO 
2021-12-15 23:03:00,838 INFO 8 0
2021-12-15 23:03:00,838 INFO LEFT
2021-12-15 23:03:00,838 INFO 7 0
2021-12-15 23:03:01,373 INFO 
2021-12-15 23:03:01,374 INFO 7 0
2021-12-15 23:03:01,374 INFO RIGHT
2021-12-15 23:03:01,375 INFO 8 0
2021-12-15 23:03:01,920 INFO 
2021-12-15 23:03:01,920 INFO 8 0
2021-12-15 23:03:01,920 INFO LEFT
2021-12-15 23:03:01,920 INFO 7 0
2021-12-15 23:03:10,234 INFO 
2021-12-15 23:03:10,235 INFO 7 0
2021-12-15 23:03:10,236 INFO UP
2021-12-15 23:03:10,237 INFO 7 1
2021-12-15 23:03:12,766 INFO 
2021-12-15 23:03:12,767 INFO 0 0
2021-12-15 23:03:12,768 INFO RIGHT
2021-12-15 23:03:12,768 INFO 1 0
2021-12-15 23:03:12,971 INFO 
2021-12-15 23:03:12,971 INFO 1 0
2021-12-15 23:03:12,971 INFO RIGHT
2021-12-15 23:03:12,972 INFO 2 0
2021-12-15 23:03:13,158 INFO 
2021-12-15 23:03:13,158 INFO 2 0
2021-12-15 23:03:13,158 INFO RIGHT
2021-12-15 23:03:13,158 INFO 3 0
2021-12-15 23:03:13,308 INFO 
2021-12-15 23:03:13,308 INFO 3 0
2021-12-15 23:03:13,309 INFO RIGHT
2021-12-15 23:03:13,309 INFO 4 0
2021-12-15 23:03:13,446 INFO 
2021-12-15 23:03:13,446 INFO 4 0
2021-12-15 23:03:13,447 INFO RIGHT
2021-12-15 23:03:13,447 INFO 5 0
2021-12-15 23:03:13,587 INFO 
2021-12-15 23:03:13,588 INFO 5 0
2021-12-15 23:03:13,588 INFO RIGHT
2021-12-15 23:03:13,588 INFO 6 0
2021-12-15 23:03:13,717 INFO 
2021-12-15 23:03:13,717 INFO 6 0
2021-12-15 23:03:13,717 INFO RIGHT
2021-12-15 23:03:13,718 INFO 7 0
2021-12-15 23:03:15,575 INFO 
2021-12-15 23:03:15,575 INFO 0 0
2021-12-15 23:03:15,577 INFO RIGHT
2021-12-15 23:03:15,577 INFO 1 0
2021-12-15 23:03:15,762 INFO 
2021-12-15 23:03:15,762 INFO 1 0
2021-12-15 23:03:15,762 INFO RIGHT
2021-12-15 23:03:15,762 INFO 2 0
2021-12-15 23:03:15,948 INFO 
2021-12-15 23:03:15,948 INFO 2 0
2021-12-15 23:03:15,950 INFO RIGHT
2021-12-15 23:03:15,950 INFO 3 0
2021-12-15 23:03:16,127 INFO 
2021-12-15 23:03:16,127 INFO 3 0
2021-12-15 23:03:16,129 INFO RIGHT
2021-12-15 23:03:16,129 INFO 4 0
2021-12-15 23:03:16,382 INFO 
2021-12-15 23:03:16,382 INFO 4 0
2021-12-15 23:03:16,385 INFO RIGHT
2021-12-15 23:03:16,385 INFO 5 0
2021-12-15 23:03:16,686 INFO 
2021-12-15 23:03:16,687 INFO 5 0
2021-12-15 23:03:16,687 INFO RIGHT
2021-12-15 23:03:16,687 INFO 6 0
2021-12-15 23:03:22,523 INFO 
2021-12-15 23:03:22,523 INFO 6 0
2021-12-15 23:03:22,524 INFO RIGHT
2021-12-15 23:03:22,524 INFO 7 0
2021-12-15 23:03:49,857 INFO 
2021-12-15 23:03:49,857 INFO 0 0
2021-12-15 23:03:49,857 INFO RIGHT
2021-12-15 23:03:49,857 INFO 1 0
2021-12-15 23:03:50,046 INFO 
2021-12-15 23:03:50,047 INFO 1 0
2021-12-15 23:03:50,049 INFO RIGHT
2021-12-15 23:03:50,049 INFO 2 0
2021-12-15 23:03:50,190 INFO 
2021-12-15 23:03:50,190 INFO 2 0
2021-12-15 23:03:50,191 INFO RIGHT
2021-12-15 23:03:50,191 INFO 3 0
2021-12-15 23:03:50,342 INFO 
2021-12-15 23:03:50,343 INFO 3 0
2021-12-15 23:03:50,343 INFO RIGHT
2021-12-15 23:03:50,343 INFO 4 0
2021-12-15 23:03:50,594 INFO 
2021-12-15 23:03:50,594 INFO 4 0
2021-12-15 23:03:50,596 INFO RIGHT
2021-12-15 23:03:50,596 INFO 5 0
2021-12-15 23:03:50,757 INFO 
2021-12-15 23:03:50,757 INFO 5 0
2021-12-15 23:03:50,758 INFO RIGHT
2021-12-15 23:03:50,758 INFO 6 0
2021-12-15 23:03:51,348 INFO 
2021-12-15 23:03:51,349 INFO 6 0
2021-12-15 23:03:51,350 INFO UP
2021-12-15 23:03:51,350 INFO 6 1
2021-12-15 23:03:51,787 INFO 
2021-12-15 23:03:51,787 INFO 6 1
2021-12-15 23:03:51,791 INFO RIGHT
2021-12-15 23:03:51,791 INFO 7 1
2021-12-15 23:03:51,992 INFO 
2021-12-15 23:03:51,992 INFO 7 1
2021-12-15 23:03:51,993 INFO RIGHT
2021-12-15 23:03:51,993 INFO 8 1
2021-12-15 23:03:52,350 INFO 
2021-12-15 23:03:52,351 INFO 8 1
2021-12-15 23:03:52,353 INFO RIGHT
2021-12-15 23:03:52,353 INFO 8 1
2021-12-15 23:03:52,808 INFO 
2021-12-15 23:03:52,809 INFO 8 1
2021-12-15 23:03:52,810 INFO LEFT
2021-12-15 23:03:52,810 INFO 7 1
2021-12-15 23:03:52,988 INFO 
2021-12-15 23:03:52,988 INFO 7 1
2021-12-15 23:03:52,990 INFO LEFT
2021-12-15 23:03:52,990 INFO 6 1
2021-12-15 23:03:53,132 INFO 
2021-12-15 23:03:53,133 INFO 6 1
2021-12-15 23:03:53,133 INFO LEFT
2021-12-15 23:03:53,133 INFO 5 1
2021-12-15 23:03:53,294 INFO 
2021-12-15 23:03:53,294 INFO 5 1
2021-12-15 23:03:53,295 INFO LEFT
2021-12-15 23:03:53,295 INFO 4 1
2021-12-15 23:03:53,416 INFO 
2021-12-15 23:03:53,416 INFO 4 1
2021-12-15 23:03:53,416 INFO LEFT
2021-12-15 23:03:53,416 INFO 3 1
2021-12-15 23:04:43,861 INFO 
2021-12-15 23:04:43,862 INFO 0 0
2021-12-15 23:04:43,864 INFO RIGHT
2021-12-15 23:04:43,864 INFO 1 0
2021-12-15 23:04:44,016 INFO 
2021-12-15 23:04:44,017 INFO 1 0
2021-12-15 23:04:44,017 INFO RIGHT
2021-12-15 23:04:44,017 INFO 2 0
2021-12-15 23:04:44,156 INFO 
2021-12-15 23:04:44,157 INFO 2 0
2021-12-15 23:04:44,157 INFO RIGHT
2021-12-15 23:04:44,157 INFO 3 0
2021-12-15 23:04:44,288 INFO 
2021-12-15 23:04:44,289 INFO 3 0
2021-12-15 23:04:44,289 INFO RIGHT
2021-12-15 23:04:44,289 INFO 4 0
2021-12-15 23:04:44,417 INFO 
2021-12-15 23:04:44,418 INFO 4 0
2021-12-15 23:04:44,419 INFO RIGHT
2021-12-15 23:04:44,419 INFO 5 0
2021-12-15 23:04:44,551 INFO 
2021-12-15 23:04:44,551 INFO 5 0
2021-12-15 23:04:44,552 INFO RIGHT
2021-12-15 23:04:44,552 INFO 6 0
2021-12-15 23:04:44,672 INFO 
2021-12-15 23:04:44,672 INFO 6 0
2021-12-15 23:04:44,673 INFO RIGHT
2021-12-15 23:04:44,673 INFO 7 0
2021-12-15 23:04:44,987 INFO 
2021-12-15 23:04:44,988 INFO 7 0
2021-12-15 23:04:44,990 INFO RIGHT
2021-12-15 23:04:44,990 INFO 8 0
2021-12-15 23:04:45,494 INFO 
2021-12-15 23:04:45,494 INFO 8 0
2021-12-15 23:04:45,495 INFO RIGHT
2021-12-15 23:04:45,495 INFO 8 0
2021-12-15 23:04:45,900 INFO 
2021-12-15 23:04:45,901 INFO 8 0
2021-12-15 23:04:45,901 INFO LEFT
2021-12-15 23:04:45,901 INFO 7 0
2021-12-15 23:04:51,236 INFO 
2021-12-15 23:04:51,237 INFO 7 0
2021-12-15 23:04:51,238 INFO LEFT
2021-12-15 23:04:51,238 INFO 6 0
2021-12-15 23:04:51,665 INFO 
2021-12-15 23:04:51,665 INFO 6 0
2021-12-15 23:04:51,666 INFO RIGHT
2021-12-15 23:04:51,666 INFO 7 0
2021-12-15 23:11:54,610 INFO 
2021-12-15 23:11:54,611 INFO 0 0
2021-12-15 23:11:54,614 INFO RIGHT
2021-12-15 23:11:54,614 INFO 1 0
2021-12-15 23:11:55,048 INFO 
2021-12-15 23:11:55,048 INFO 1 0
2021-12-15 23:11:55,049 INFO RIGHT
2021-12-15 23:11:55,049 INFO 2 0
2021-12-15 23:11:55,193 INFO 
2021-12-15 23:11:55,193 INFO 2 0
2021-12-15 23:11:55,195 INFO RIGHT
2021-12-15 23:11:55,196 INFO 3 0
2021-12-15 23:11:55,446 INFO 
2021-12-15 23:11:55,446 INFO 3 0
2021-12-15 23:11:55,447 INFO RIGHT
2021-12-15 23:11:55,447 INFO 4 0
2021-12-15 23:11:55,710 INFO 
2021-12-15 23:11:55,711 INFO 4 0
2021-12-15 23:11:55,712 INFO RIGHT
2021-12-15 23:11:55,713 INFO 5 0
2021-12-15 23:11:55,722 INFO 
2021-12-15 23:11:55,722 INFO 5 0
2021-12-15 23:11:55,722 INFO UP
2021-12-15 23:11:55,722 INFO 5 1
2021-12-15 23:11:56,148 INFO 
2021-12-15 23:11:56,148 INFO 5 1
2021-12-15 23:11:56,148 INFO RIGHT
2021-12-15 23:11:56,148 INFO 6 1
2021-12-15 23:11:56,340 INFO 
2021-12-15 23:11:56,341 INFO 6 1
2021-12-15 23:11:56,342 INFO UP
2021-12-15 23:11:56,343 INFO 6 2
2021-12-15 23:11:56,536 INFO 
2021-12-15 23:11:56,536 INFO 6 2
2021-12-15 23:11:56,538 INFO UP
2021-12-15 23:11:56,538 INFO 6 3
2021-12-15 23:11:56,751 INFO 
2021-12-15 23:11:56,752 INFO 6 3
2021-12-15 23:11:56,754 INFO UP
2021-12-15 23:11:56,754 INFO 6 0
2021-12-15 23:11:57,459 INFO 
2021-12-15 23:11:57,459 INFO 6 0
2021-12-15 23:11:57,460 INFO LEFT
2021-12-15 23:11:57,461 INFO 5 0
2021-12-15 23:11:57,665 INFO 
2021-12-15 23:11:57,666 INFO 5 0
2021-12-15 23:11:57,669 INFO LEFT
2021-12-15 23:11:57,669 INFO 4 0
2021-12-15 23:11:57,833 INFO 
2021-12-15 23:11:57,833 INFO 4 0
2021-12-15 23:11:57,834 INFO LEFT
2021-12-15 23:11:57,834 INFO 3 0
2021-12-15 23:11:58,005 INFO 
2021-12-15 23:11:58,006 INFO 3 0
2021-12-15 23:11:58,007 INFO LEFT
2021-12-15 23:11:58,007 INFO 2 0
2021-12-15 23:11:58,159 INFO 
2021-12-15 23:11:58,159 INFO 2 0
2021-12-15 23:11:58,159 INFO LEFT
2021-12-15 23:11:58,159 INFO 1 0
2021-12-15 23:11:58,320 INFO 
2021-12-15 23:11:58,320 INFO 1 0
2021-12-15 23:11:58,321 INFO LEFT
2021-12-15 23:11:58,321 INFO 0 0
2021-12-15 23:11:58,455 INFO 
2021-12-15 23:11:58,455 INFO 0 0
2021-12-15 23:11:58,456 INFO LEFT
2021-12-15 23:11:58,456 INFO 0 0
2021-12-15 23:11:58,667 INFO 
2021-12-15 23:11:58,668 INFO 0 0
2021-12-15 23:11:58,669 INFO RIGHT
2021-12-15 23:11:58,669 INFO 1 0
2021-12-15 23:11:58,809 INFO 
2021-12-15 23:11:58,809 INFO 1 0
2021-12-15 23:11:58,810 INFO RIGHT
2021-12-15 23:11:58,811 INFO 2 0
2021-12-15 23:11:58,917 INFO 
2021-12-15 23:11:58,918 INFO 2 0
2021-12-15 23:11:58,919 INFO RIGHT
2021-12-15 23:11:58,919 INFO 3 0
2021-12-15 23:11:59,005 INFO 
2021-12-15 23:11:59,005 INFO 3 0
2021-12-15 23:11:59,006 INFO RIGHT
2021-12-15 23:11:59,006 INFO 4 0
2021-12-15 23:11:59,152 INFO 
2021-12-15 23:11:59,152 INFO 4 0
2021-12-15 23:11:59,153 INFO RIGHT
2021-12-15 23:11:59,153 INFO 5 0
2021-12-15 23:11:59,309 INFO 
2021-12-15 23:11:59,309 INFO 5 0
2021-12-15 23:11:59,310 INFO RIGHT
2021-12-15 23:11:59,310 INFO 6 0
2021-12-15 23:11:59,425 INFO 
2021-12-15 23:11:59,425 INFO 6 0
2021-12-15 23:11:59,425 INFO RIGHT
2021-12-15 23:11:59,425 INFO 7 0
2021-12-15 23:11:59,545 INFO 
2021-12-15 23:11:59,545 INFO 7 0
2021-12-15 23:11:59,546 INFO RIGHT
2021-12-15 23:11:59,546 INFO 8 0
2021-12-15 23:11:59,676 INFO 
2021-12-15 23:11:59,676 INFO 8 0
2021-12-15 23:11:59,676 INFO RIGHT
2021-12-15 23:11:59,676 INFO 8 0
2021-12-15 23:12:00,064 INFO 
2021-12-15 23:12:00,064 INFO 8 0
2021-12-15 23:12:00,065 INFO LEFT
2021-12-15 23:12:00,065 INFO 7 0
2021-12-15 23:12:00,283 INFO 
2021-12-15 23:12:00,284 INFO 7 0
2021-12-15 23:12:00,286 INFO LEFT
2021-12-15 23:12:00,286 INFO 6 0
2021-12-15 23:12:00,389 INFO 
2021-12-15 23:12:00,389 INFO 6 0
2021-12-15 23:12:00,390 INFO LEFT
2021-12-15 23:12:00,390 INFO 5 0
2021-12-15 23:12:00,549 INFO 
2021-12-15 23:12:00,549 INFO 5 0
2021-12-15 23:12:00,551 INFO LEFT
2021-12-15 23:12:00,551 INFO 4 0
2021-12-15 23:12:00,683 INFO 
2021-12-15 23:12:00,684 INFO 4 0
2021-12-15 23:12:00,684 INFO LEFT
2021-12-15 23:12:00,684 INFO 3 0
2021-12-15 23:12:00,847 INFO 
2021-12-15 23:12:00,847 INFO 3 0
2021-12-15 23:12:00,847 INFO LEFT
2021-12-15 23:12:00,848 INFO 2 0
2021-12-15 23:12:00,995 INFO 
2021-12-15 23:12:00,995 INFO 2 0
2021-12-15 23:12:00,997 INFO LEFT
2021-12-15 23:12:00,998 INFO 1 0
2021-12-15 23:12:01,138 INFO 
2021-12-15 23:12:01,138 INFO 1 0
2021-12-15 23:12:01,139 INFO LEFT
2021-12-15 23:12:01,139 INFO 0 0
2021-12-15 23:12:01,291 INFO 
2021-12-15 23:12:01,292 INFO 0 0
2021-12-15 23:12:01,292 INFO LEFT
2021-12-15 23:12:01,293 INFO 0 0
2021-12-15 23:12:01,839 INFO 
2021-12-15 23:12:01,840 INFO 0 0
2021-12-15 23:12:01,841 INFO UP
2021-12-15 23:12:01,841 INFO 0 1
2021-12-15 23:12:02,254 INFO 
2021-12-15 23:12:02,255 INFO 0 1
2021-12-15 23:12:02,258 INFO UP
2021-12-15 23:12:02,258 INFO 0 2
2021-12-15 23:12:02,421 INFO 
2021-12-15 23:12:02,421 INFO 0 2
2021-12-15 23:12:02,422 INFO UP
2021-12-15 23:12:02,422 INFO 0 3
2021-12-15 23:12:03,280 INFO 
2021-12-15 23:12:03,281 INFO 0 3
2021-12-15 23:12:03,283 INFO RIGHT
2021-12-15 23:12:03,283 INFO 1 3
2021-12-15 23:12:03,447 INFO 
2021-12-15 23:12:03,447 INFO 1 3
2021-12-15 23:12:03,449 INFO RIGHT
2021-12-15 23:12:03,450 INFO 2 3
2021-12-15 23:12:03,678 INFO 
2021-12-15 23:12:03,678 INFO 2 3
2021-12-15 23:12:03,679 INFO RIGHT
2021-12-15 23:12:03,679 INFO 3 3
2021-12-15 23:12:03,789 INFO 
2021-12-15 23:12:03,789 INFO 3 3
2021-12-15 23:12:03,790 INFO RIGHT
2021-12-15 23:12:03,790 INFO 4 3
2021-12-15 23:12:03,940 INFO 
2021-12-15 23:12:03,940 INFO 4 3
2021-12-15 23:12:03,942 INFO RIGHT
2021-12-15 23:12:03,943 INFO 5 3
2021-12-15 23:12:04,148 INFO 
2021-12-15 23:12:04,149 INFO 5 3
2021-12-15 23:12:04,149 INFO RIGHT
2021-12-15 23:12:04,150 INFO 6 3
2021-12-15 23:12:04,665 INFO 
2021-12-15 23:12:04,665 INFO 6 3
2021-12-15 23:12:04,666 INFO LEFT
2021-12-15 23:12:04,666 INFO 5 3
2021-12-15 23:12:04,899 INFO 
2021-12-15 23:12:04,900 INFO 5 3
2021-12-15 23:12:04,902 INFO LEFT
2021-12-15 23:12:04,902 INFO 4 3
2021-12-15 23:12:08,041 INFO  
2021-12-15 23:12:09,462 INFO 
2021-12-15 23:12:09,463 INFO 0 0
2021-12-15 23:12:09,465 INFO RIGHT
2021-12-15 23:12:09,465 INFO 1 0
2021-12-15 23:12:09,741 INFO 
2021-12-15 23:12:09,742 INFO 1 0
2021-12-15 23:12:09,743 INFO RIGHT
2021-12-15 23:12:09,743 INFO 2 0
2021-12-15 23:12:09,981 INFO 
2021-12-15 23:12:09,982 INFO 2 0
2021-12-15 23:12:09,983 INFO RIGHT
2021-12-15 23:12:09,983 INFO 3 0
2021-12-15 23:12:11,454 INFO 
2021-12-15 23:12:11,455 INFO 3 0
2021-12-15 23:12:11,456 INFO RIGHT
2021-12-15 23:12:11,456 INFO 4 0
2021-12-15 23:12:11,683 INFO  
2021-12-15 23:12:12,573 INFO 
2021-12-15 23:12:12,574 INFO 0 0
2021-12-15 23:12:12,577 INFO RIGHT
2021-12-15 23:12:12,577 INFO 1 0
2021-12-15 23:12:13,173 INFO 
2021-12-15 23:12:13,173 INFO 1 0
2021-12-15 23:12:13,174 INFO LEFT
2021-12-15 23:12:13,174 INFO 0 0
2021-12-15 23:12:13,690 INFO  
2021-12-15 23:12:14,245 INFO 
2021-12-15 23:12:14,245 INFO 0 0
2021-12-15 23:12:14,246 INFO RIGHT
2021-12-15 23:12:14,246 INFO 1 0
2021-12-15 23:12:14,434 INFO 
2021-12-15 23:12:14,434 INFO 1 0
2021-12-15 23:12:14,435 INFO RIGHT
2021-12-15 23:12:14,435 INFO 2 0
2021-12-15 23:12:14,646 INFO 
2021-12-15 23:12:14,647 INFO 2 0
2021-12-15 23:12:14,648 INFO RIGHT
2021-12-15 23:12:14,649 INFO 3 0
2021-12-15 23:12:14,895 INFO 
2021-12-15 23:12:14,895 INFO 3 0
2021-12-15 23:12:14,896 INFO RIGHT
2021-12-15 23:12:14,896 INFO 4 0
2021-12-15 23:12:15,244 INFO 
2021-12-15 23:12:15,244 INFO 4 0
2021-12-15 23:12:15,245 INFO UP
2021-12-15 23:12:15,245 INFO 4 1
2021-12-15 23:12:15,754 INFO 
2021-12-15 23:12:15,754 INFO 4 1
2021-12-15 23:12:15,757 INFO RIGHT
2021-12-15 23:12:15,757 INFO 5 1
2021-12-15 23:12:16,142 INFO 
2021-12-15 23:12:16,143 INFO 5 1
2021-12-15 23:12:16,145 INFO RIGHT
2021-12-15 23:12:16,145 INFO 6 1
2021-12-15 23:12:16,261 INFO 
2021-12-15 23:12:16,262 INFO 6 1
2021-12-15 23:12:16,262 INFO RIGHT
2021-12-15 23:12:16,263 INFO 7 1
2021-12-15 23:13:19,687 INFO 
2021-12-15 23:13:19,687 INFO 0 0
2021-12-15 23:13:19,688 INFO RIGHT
2021-12-15 23:13:19,688 INFO 1 0
2021-12-15 23:13:19,853 INFO 
2021-12-15 23:13:19,853 INFO 1 0
2021-12-15 23:13:19,855 INFO RIGHT
2021-12-15 23:13:19,855 INFO 2 0
2021-12-15 23:13:19,982 INFO 
2021-12-15 23:13:19,983 INFO 2 0
2021-12-15 23:13:19,983 INFO RIGHT
2021-12-15 23:13:19,983 INFO 3 0
2021-12-15 23:13:20,109 INFO 
2021-12-15 23:13:20,109 INFO 3 0
2021-12-15 23:13:20,110 INFO RIGHT
2021-12-15 23:13:20,110 INFO 4 0
2021-12-15 23:13:20,240 INFO 
2021-12-15 23:13:20,241 INFO 4 0
2021-12-15 23:13:20,241 INFO RIGHT
2021-12-15 23:13:20,241 INFO 5 0
2021-12-15 23:13:20,516 INFO 
2021-12-15 23:13:20,516 INFO 5 0
2021-12-15 23:13:20,518 INFO RIGHT
2021-12-15 23:13:20,518 INFO 6 0
2021-12-15 23:13:20,695 INFO 
2021-12-15 23:13:20,695 INFO 6 0
2021-12-15 23:13:20,697 INFO RIGHT
2021-12-15 23:13:20,698 INFO 7 0
2021-12-15 23:13:20,931 INFO 
2021-12-15 23:13:20,931 INFO 7 0
2021-12-15 23:13:20,932 INFO RIGHT
2021-12-15 23:13:20,932 INFO 7 0
2021-12-15 23:13:21,191 INFO 
2021-12-15 23:13:21,191 INFO 7 0
2021-12-15 23:13:21,192 INFO LEFT
2021-12-15 23:13:21,192 INFO 6 0
2021-12-15 23:13:21,392 INFO 
2021-12-15 23:13:21,393 INFO 6 0
2021-12-15 23:13:21,393 INFO LEFT
2021-12-15 23:13:21,394 INFO 5 0
2021-12-15 23:13:21,577 INFO 
2021-12-15 23:13:21,578 INFO 5 0
2021-12-15 23:13:21,580 INFO LEFT
2021-12-15 23:13:21,580 INFO 4 0
2021-12-15 23:13:21,725 INFO 
2021-12-15 23:13:21,725 INFO 4 0
2021-12-15 23:13:21,726 INFO LEFT
2021-12-15 23:13:21,726 INFO 3 0
2021-12-15 23:13:21,863 INFO 
2021-12-15 23:13:21,864 INFO 3 0
2021-12-15 23:13:21,865 INFO LEFT
2021-12-15 23:13:21,865 INFO 2 0
2021-12-15 23:13:22,008 INFO 
2021-12-15 23:13:22,009 INFO 2 0
2021-12-15 23:13:22,010 INFO LEFT
2021-12-15 23:13:22,010 INFO 1 0
2021-12-15 23:13:22,140 INFO 
2021-12-15 23:13:22,140 INFO 1 0
2021-12-15 23:13:22,141 INFO LEFT
2021-12-15 23:13:22,141 INFO 0 0
2021-12-15 23:13:22,273 INFO 
2021-12-15 23:13:22,274 INFO 0 0
2021-12-15 23:13:22,274 INFO LEFT
2021-12-15 23:13:22,274 INFO 0 0
2021-12-15 23:13:22,821 INFO 
2021-12-15 23:13:22,822 INFO 0 0
2021-12-15 23:13:22,824 INFO UP
2021-12-15 23:13:22,825 INFO 0 1
2021-12-15 23:13:23,180 INFO 
2021-12-15 23:13:23,180 INFO 0 1
2021-12-15 23:13:23,181 INFO RIGHT
2021-12-15 23:13:23,181 INFO 1 1
2021-12-15 23:13:23,669 INFO 
2021-12-15 23:13:23,669 INFO 1 1
2021-12-15 23:13:23,670 INFO RIGHT
2021-12-15 23:13:23,670 INFO 2 1
2021-12-15 23:13:23,699 INFO 
2021-12-15 23:13:23,699 INFO 2 1
2021-12-15 23:13:23,700 INFO RIGHT
2021-12-15 23:13:23,700 INFO 3 1
2021-12-15 23:13:23,731 INFO 
2021-12-15 23:13:23,731 INFO 3 1
2021-12-15 23:13:23,732 INFO RIGHT
2021-12-15 23:13:23,732 INFO 4 1
2021-12-15 23:13:23,757 INFO 
2021-12-15 23:13:23,758 INFO 4 1
2021-12-15 23:13:23,758 INFO RIGHT
2021-12-15 23:13:23,759 INFO 5 1
2021-12-15 23:13:23,788 INFO 
2021-12-15 23:13:23,789 INFO 5 1
2021-12-15 23:13:23,789 INFO RIGHT
2021-12-15 23:13:23,789 INFO 6 1
2021-12-15 23:13:23,818 INFO 
2021-12-15 23:13:23,818 INFO 6 1
2021-12-15 23:13:23,819 INFO RIGHT
2021-12-15 23:13:23,819 INFO 7 1
2021-12-15 23:13:23,851 INFO 
2021-12-15 23:13:23,852 INFO 7 1
2021-12-15 23:13:23,853 INFO RIGHT
2021-12-15 23:13:23,853 INFO 8 1
2021-12-15 23:13:23,881 INFO 
2021-12-15 23:13:23,881 INFO 8 1
2021-12-15 23:13:23,883 INFO RIGHT
2021-12-15 23:13:23,883 INFO 8 1
2021-12-15 23:13:23,909 INFO 
2021-12-15 23:13:23,909 INFO 8 1
2021-12-15 23:13:23,910 INFO RIGHT
2021-12-15 23:13:23,910 INFO 8 1
2021-12-15 23:13:23,939 INFO 
2021-12-15 23:13:23,939 INFO 8 1
2021-12-15 23:13:23,939 INFO RIGHT
2021-12-15 23:13:23,940 INFO 8 1
2021-12-15 23:13:23,967 INFO 
2021-12-15 23:13:23,967 INFO 8 1
2021-12-15 23:13:23,968 INFO RIGHT
2021-12-15 23:13:23,968 INFO 8 1
2021-12-15 23:13:23,998 INFO 
2021-12-15 23:13:23,998 INFO 8 1
2021-12-15 23:13:23,999 INFO RIGHT
2021-12-15 23:13:23,999 INFO 8 1
2021-12-15 23:13:24,032 INFO 
2021-12-15 23:13:24,032 INFO 8 1
2021-12-15 23:13:24,033 INFO RIGHT
2021-12-15 23:13:24,033 INFO 8 1
2021-12-15 23:13:24,059 INFO 
2021-12-15 23:13:24,060 INFO 8 1
2021-12-15 23:13:24,060 INFO RIGHT
2021-12-15 23:13:24,060 INFO 8 1
2021-12-15 23:13:24,097 INFO 
2021-12-15 23:13:24,097 INFO 8 1
2021-12-15 23:13:24,097 INFO RIGHT
2021-12-15 23:13:24,097 INFO 8 1
2021-12-15 23:13:24,121 INFO 
2021-12-15 23:13:24,121 INFO 8 1
2021-12-15 23:13:24,122 INFO RIGHT
2021-12-15 23:13:24,122 INFO 8 1
2021-12-15 23:13:24,413 INFO 
2021-12-15 23:13:24,413 INFO 8 1
2021-12-15 23:13:24,414 INFO LEFT
2021-12-15 23:13:24,414 INFO 7 1
2021-12-15 23:13:24,911 INFO 
2021-12-15 23:13:24,911 INFO 7 1
2021-12-15 23:13:24,914 INFO LEFT
2021-12-15 23:13:24,915 INFO 6 1
2021-12-15 23:13:24,933 INFO 
2021-12-15 23:13:24,933 INFO 6 1
2021-12-15 23:13:24,933 INFO LEFT
2021-12-15 23:13:24,933 INFO 5 1
2021-12-15 23:13:24,964 INFO 
2021-12-15 23:13:24,964 INFO 5 1
2021-12-15 23:13:24,964 INFO LEFT
2021-12-15 23:13:24,965 INFO 4 1
2021-12-15 23:13:24,994 INFO 
2021-12-15 23:13:24,994 INFO 4 1
2021-12-15 23:13:24,994 INFO LEFT
2021-12-15 23:13:24,995 INFO 3 1
2021-12-15 23:13:25,023 INFO 
2021-12-15 23:13:25,023 INFO 3 1
2021-12-15 23:13:25,023 INFO LEFT
2021-12-15 23:13:25,023 INFO 2 1
2021-12-15 23:13:25,053 INFO 
2021-12-15 23:13:25,053 INFO 2 1
2021-12-15 23:13:25,053 INFO LEFT
2021-12-15 23:13:25,053 INFO 1 1
2021-12-15 23:13:25,085 INFO 
2021-12-15 23:13:25,085 INFO 1 1
2021-12-15 23:13:25,085 INFO LEFT
2021-12-15 23:13:25,085 INFO 0 1
2021-12-15 23:13:25,120 INFO 
2021-12-15 23:13:25,120 INFO 0 1
2021-12-15 23:13:25,121 INFO LEFT
2021-12-15 23:13:25,121 INFO 0 1
2021-12-15 23:13:25,146 INFO 
2021-12-15 23:13:25,146 INFO 0 1
2021-12-15 23:13:25,147 INFO LEFT
2021-12-15 23:13:25,148 INFO 0 1
2021-12-15 23:13:25,175 INFO 
2021-12-15 23:13:25,175 INFO 0 1
2021-12-15 23:13:25,176 INFO LEFT
2021-12-15 23:13:25,176 INFO 0 1
2021-12-15 23:13:25,205 INFO 
2021-12-15 23:13:25,206 INFO 0 1
2021-12-15 23:13:25,206 INFO LEFT
2021-12-15 23:13:25,206 INFO 0 1
2021-12-15 23:13:25,233 INFO 
2021-12-15 23:13:25,233 INFO 0 1
2021-12-15 23:13:25,234 INFO LEFT
2021-12-15 23:13:25,234 INFO 0 1
2021-12-15 23:13:25,263 INFO 
2021-12-15 23:13:25,263 INFO 0 1
2021-12-15 23:13:25,264 INFO LEFT
2021-12-15 23:13:25,264 INFO 0 1
2021-12-15 23:13:25,537 INFO 
2021-12-15 23:13:25,538 INFO 0 1
2021-12-15 23:13:25,539 INFO RIGHT
2021-12-15 23:13:25,539 INFO 1 1
2021-12-15 23:13:25,690 INFO 
2021-12-15 23:13:25,690 INFO 1 1
2021-12-15 23:13:25,691 INFO RIGHT
2021-12-15 23:13:25,691 INFO 2 1
2021-12-15 23:13:25,855 INFO 
2021-12-15 23:13:25,856 INFO 2 1
2021-12-15 23:13:25,857 INFO RIGHT
2021-12-15 23:13:25,858 INFO 3 1
2021-12-15 23:13:26,003 INFO 
2021-12-15 23:13:26,003 INFO 3 1
2021-12-15 23:13:26,005 INFO RIGHT
2021-12-15 23:13:26,005 INFO 4 1
2021-12-15 23:13:26,083 INFO 
2021-12-15 23:13:26,084 INFO 4 1
2021-12-15 23:13:26,085 INFO RIGHT
2021-12-15 23:13:26,085 INFO 5 1
2021-12-15 23:13:26,389 INFO 
2021-12-15 23:13:26,390 INFO 5 1
2021-12-15 23:13:26,392 INFO DOWN
2021-12-15 23:13:26,392 INFO 5 1
2021-12-15 23:13:26,998 INFO 
2021-12-15 23:13:26,999 INFO 5 1
2021-12-15 23:13:27,000 INFO LEFT
2021-12-15 23:13:27,000 INFO 4 1
2021-12-15 23:13:27,200 INFO 
2021-12-15 23:13:27,201 INFO 4 1
2021-12-15 23:13:27,203 INFO LEFT
2021-12-15 23:13:27,203 INFO 3 1
2021-12-15 23:13:27,386 INFO 
2021-12-15 23:13:27,386 INFO 3 1
2021-12-15 23:13:27,387 INFO LEFT
2021-12-15 23:13:27,388 INFO 2 1
2021-12-15 23:13:27,570 INFO 
2021-12-15 23:13:27,571 INFO 2 1
2021-12-15 23:13:27,573 INFO LEFT
2021-12-15 23:13:27,573 INFO 1 1
2021-12-15 23:13:27,732 INFO 
2021-12-15 23:13:27,732 INFO 1 1
2021-12-15 23:13:27,734 INFO LEFT
2021-12-15 23:13:27,734 INFO 0 1
2021-12-15 23:13:27,905 INFO 
2021-12-15 23:13:27,906 INFO 0 1
2021-12-15 23:13:27,907 INFO LEFT
2021-12-15 23:13:27,908 INFO 0 1
2021-12-15 23:13:28,293 INFO 
2021-12-15 23:13:28,294 INFO 0 1
2021-12-15 23:13:28,296 INFO RIGHT
2021-12-15 23:13:28,296 INFO 1 1
2021-12-15 23:13:28,778 INFO 
2021-12-15 23:13:28,778 INFO 1 1
2021-12-15 23:13:28,779 INFO RIGHT
2021-12-15 23:13:28,779 INFO 2 1
2021-12-15 23:13:28,807 INFO 
2021-12-15 23:13:28,808 INFO 2 1
2021-12-15 23:13:28,808 INFO RIGHT
2021-12-15 23:13:28,809 INFO 3 1
2021-12-15 23:13:28,837 INFO 
2021-12-15 23:13:28,837 INFO 3 1
2021-12-15 23:13:28,838 INFO RIGHT
2021-12-15 23:13:28,838 INFO 4 1
2021-12-15 23:13:28,867 INFO 
2021-12-15 23:13:28,867 INFO 4 1
2021-12-15 23:13:28,868 INFO RIGHT
2021-12-15 23:13:28,868 INFO 5 1
2021-12-15 23:13:28,899 INFO 
2021-12-15 23:13:28,899 INFO 5 1
2021-12-15 23:13:28,900 INFO RIGHT
2021-12-15 23:13:28,900 INFO 6 1
2021-12-15 23:13:28,929 INFO 
2021-12-15 23:13:28,930 INFO 6 1
2021-12-15 23:13:28,930 INFO RIGHT
2021-12-15 23:13:28,930 INFO 7 1
2021-12-15 23:13:28,958 INFO 
2021-12-15 23:13:28,958 INFO 7 1
2021-12-15 23:13:28,959 INFO RIGHT
2021-12-15 23:13:28,959 INFO 8 1
2021-12-15 23:13:28,990 INFO 
2021-12-15 23:13:28,990 INFO 8 1
2021-12-15 23:13:28,990 INFO RIGHT
2021-12-15 23:13:28,990 INFO 8 1
2021-12-15 23:13:29,019 INFO 
2021-12-15 23:13:29,020 INFO 8 1
2021-12-15 23:13:29,020 INFO RIGHT
2021-12-15 23:13:29,020 INFO 8 1
2021-12-15 23:13:29,050 INFO 
2021-12-15 23:13:29,050 INFO 8 1
2021-12-15 23:13:29,050 INFO RIGHT
2021-12-15 23:13:29,050 INFO 8 1
2021-12-15 23:13:29,081 INFO 
2021-12-15 23:13:29,081 INFO 8 1
2021-12-15 23:13:29,082 INFO RIGHT
2021-12-15 23:13:29,082 INFO 8 1
2021-12-15 23:13:29,383 INFO 
2021-12-15 23:13:29,383 INFO 8 1
2021-12-15 23:13:29,383 INFO LEFT
2021-12-15 23:13:29,383 INFO 7 1
2021-12-15 23:13:29,878 INFO 
2021-12-15 23:13:29,878 INFO 7 1
2021-12-15 23:13:29,880 INFO LEFT
2021-12-15 23:13:29,880 INFO 6 1
2021-12-15 23:13:29,899 INFO 
2021-12-15 23:13:29,900 INFO 6 1
2021-12-15 23:13:29,900 INFO LEFT
2021-12-15 23:13:29,900 INFO 5 1
2021-12-15 23:13:29,930 INFO 
2021-12-15 23:13:29,930 INFO 5 1
2021-12-15 23:13:29,930 INFO LEFT
2021-12-15 23:13:29,931 INFO 4 1
2021-12-15 23:13:29,967 INFO 
2021-12-15 23:13:29,967 INFO 4 1
2021-12-15 23:13:29,969 INFO LEFT
2021-12-15 23:13:29,969 INFO 3 1
2021-12-15 23:13:29,991 INFO 
2021-12-15 23:13:29,991 INFO 3 1
2021-12-15 23:13:29,992 INFO LEFT
2021-12-15 23:13:29,992 INFO 2 1
2021-12-15 23:13:30,020 INFO 
2021-12-15 23:13:30,020 INFO 2 1
2021-12-15 23:13:30,021 INFO LEFT
2021-12-15 23:13:30,021 INFO 1 1
2021-12-15 23:13:30,053 INFO 
2021-12-15 23:13:30,053 INFO 1 1
2021-12-15 23:13:30,053 INFO LEFT
2021-12-15 23:13:30,053 INFO 0 1
2021-12-15 23:13:30,290 INFO 
2021-12-15 23:13:30,290 INFO 0 1
2021-12-15 23:13:30,292 INFO UP
2021-12-15 23:13:30,292 INFO 0 0
2021-12-15 23:13:30,955 INFO 
2021-12-15 23:13:30,955 INFO 0 0
2021-12-15 23:13:30,956 INFO UP
2021-12-15 23:13:30,956 INFO 0 1
2021-12-15 23:13:31,387 INFO 
2021-12-15 23:13:31,388 INFO 0 1
2021-12-15 23:13:31,388 INFO UP
2021-12-15 23:13:31,388 INFO 0 0
2021-12-15 23:15:50,979 INFO 
2021-12-15 23:15:50,979 INFO 0 0
2021-12-15 23:15:50,980 INFO RIGHT
2021-12-15 23:15:50,980 INFO 1 0
2021-12-15 23:15:51,189 INFO 
2021-12-15 23:15:51,191 INFO 1 0
2021-12-15 23:15:51,192 INFO RIGHT
2021-12-15 23:15:51,193 INFO 2 0
2021-12-15 23:15:51,409 INFO 
2021-12-15 23:15:51,410 INFO 2 0
2021-12-15 23:15:51,410 INFO RIGHT
2021-12-15 23:15:51,410 INFO 3 0
2021-12-15 23:15:51,752 INFO 
2021-12-15 23:15:51,753 INFO 3 0
2021-12-15 23:15:51,754 INFO LEFT
2021-12-15 23:15:51,755 INFO 2 0
2021-12-15 23:15:51,948 INFO 
2021-12-15 23:15:51,948 INFO 2 0
2021-12-15 23:15:51,949 INFO UP
2021-12-15 23:15:51,949 INFO 2 1
2021-12-15 23:15:53,748 INFO  
2021-12-15 23:16:08,592 INFO 
2021-12-15 23:16:08,593 INFO 0 0
2021-12-15 23:16:08,594 INFO RIGHT
2021-12-15 23:16:08,594 INFO 1 0
2021-12-15 23:16:08,773 INFO 
2021-12-15 23:16:08,774 INFO 1 0
2021-12-15 23:16:08,774 INFO RIGHT
2021-12-15 23:16:08,775 INFO 2 0
2021-12-15 23:16:09,075 INFO 
2021-12-15 23:16:09,076 INFO 2 0
2021-12-15 23:16:09,077 INFO UP
2021-12-15 23:16:09,077 INFO 2 0
2021-12-15 23:16:09,670 INFO  
2021-12-15 23:16:27,746 INFO 
2021-12-15 23:16:27,747 INFO 0 0
2021-12-15 23:16:27,747 INFO RIGHT
2021-12-15 23:16:27,747 INFO 1 0
2021-12-15 23:16:27,980 INFO 
2021-12-15 23:16:27,981 INFO 1 0
2021-12-15 23:16:27,983 INFO RIGHT
2021-12-15 23:16:27,984 INFO 2 0
2021-12-15 23:16:28,400 INFO  
